<messages>
    <message dbo_id="72" id="test-2.test-template-1">
        <div class="bg-neutral-100">
            <div class="bg-neutral-200 p-20">${block-1}</div>
            <div class="bg-neutral-300 p-20">${block-2}</div>
        </div>
    </message>
    <message dbo_id="73" id="test-2.test-template-2">
        <div class="bg-neutral-100">
            <div class="bg-neutral-200 p-20">${block-1}</div>
            <div class="bg-neutral-300 p-20">${block-2}</div>
        </div>
    </message>
    <message dbo_id="74" id="test-2.test-template-3">
        <div class="bg-neutral-100">
            <div class="bg-neutral-200 p-20">${block-1}</div>
            <div class="bg-neutral-300 p-20">${block-2}</div>
        </div>
    </message>
</messages>
