<messages>
    <message dbo_id="2" id="test-1.test-template-1">
        <div class="bg-neutral-100">
            <div class="bg-neutral-200 p-20">${block-1}</div>
            <div class="bg-neutral-300 p-20">${block-2}</div>
        </div>
    </message>
    <message dbo_id="3" id="test-1.test-template-2">
        <div class="bg-neutral-100">
            <div class="bg-neutral-200 p-20">${block-1}</div>
            <div class="bg-neutral-300 p-20">${block-2}</div>
        </div>
    </message>
    <message dbo_id="4" id="test-1.test-template-3">
        <div class="bg-neutral-100">
            <div class="bg-neutral-200 p-20">${block-1}</div>
            <div class="bg-neutral-300 p-20">${block-2}</div>
        </div>
    </message>
</messages>
